<?xml version="1.0" encoding="UTF-8"?>
<!-- Generated by org.testng.reporters.JUnitReportReporter -->
<testsuite hostname="LAPTOP-0N1NA70U" failures="0" tests="5" name="com.orangeHRM.qa.testcases.AdminTest" time="93.570" errors="0" timestamp="2024-06-11T20:46:04 IST" skipped="0">
  <testcase classname="com.orangeHRM.qa.testcases.AdminTest" name="searchAdminsWithoutEnteringAnyDetails" time="35.637"/>
  <testcase classname="com.orangeHRM.qa.testcases.AdminTest" name="searchAdminsWithUsername" time="12.355"/>
  <testcase classname="com.orangeHRM.qa.testcases.AdminTest" name="searchAdminsWithUserRole" time="19.703"/>
  <testcase classname="com.orangeHRM.qa.testcases.AdminTest" name="suggestionWithEmployeeNameVisible" time="12.441"/>
  <testcase classname="com.orangeHRM.qa.testcases.AdminTest" name="verifyPresenceOfTableData" time="13.434"/>
</testsuite> <!-- com.orangeHRM.qa.testcases.AdminTest -->
