<?xml version="1.0" encoding="UTF-8"?>
<!-- Generated by org.testng.reporters.JUnitReportReporter -->
<testsuite hostname="LAPTOP-0N1NA70U" failures="0" tests="3" name="com.orangeHRM.qa.testcases.Search" time="46.525" errors="0" timestamp="2024-05-30T18:31:13 IST" skipped="0">
  <testcase classname="com.orangeHRM.qa.testcases.Search" name="verifySearchWithValidSection" time="22.667"/>
  <testcase classname="com.orangeHRM.qa.testcases.Search" name="verifySearchWithInvalidSection" time="14.440"/>
  <testcase classname="com.orangeHRM.qa.testcases.Search" name="verifySearchWithoutAnySection" time="9.418"/>
</testsuite> <!-- com.orangeHRM.qa.testcases.Search -->
