<?xml version="1.0" encoding="UTF-8"?>
<!-- Generated by org.testng.reporters.JUnitReportReporter -->
<testsuite hostname="LAPTOP-0N1NA70U" failures="0" tests="4" name="com.orangeHRM.qa.testcases.SearchTest" time="75.913" errors="0" timestamp="2024-06-11T20:43:02 IST" skipped="0">
  <testcase classname="com.orangeHRM.qa.testcases.SearchTest" name="verifySearchWithValidSection" time="22.887"/>
  <testcase classname="com.orangeHRM.qa.testcases.SearchTest" name="verifySearchWithInvalidSection" time="16.043"/>
  <testcase classname="com.orangeHRM.qa.testcases.SearchTest" name="verifySearchWithoutAnySection" time="24.578"/>
  <testcase classname="com.orangeHRM.qa.testcases.SearchTest" name="verifySearchWithAnyWordAndGetSectionVisibility" time="12.405"/>
</testsuite> <!-- com.orangeHRM.qa.testcases.SearchTest -->
